Determining if the Q_WS_WIN exist failed with the following output:
Change Dir: /home/slilylsu/Desktop/project-repo/build/debug/CMakeFiles/CMakeTmp

Run Build Command:/usr/bin/make "cmTryCompileExec505570597/fast"
/usr/bin/make -f CMakeFiles/cmTryCompileExec505570597.dir/build.make CMakeFiles/cmTryCompileExec505570597.dir/build
make[1]: Entering directory `/home/slilylsu/Desktop/project-repo/build/debug/CMakeFiles/CMakeTmp'
/usr/bin/cmake -E cmake_progress_report /home/slilylsu/Desktop/project-repo/build/debug/CMakeFiles/CMakeTmp/CMakeFiles 1
Building CXX object CMakeFiles/cmTryCompileExec505570597.dir/CheckSymbolExists.cxx.o
/usr/bin/c++    -I/usr/include/qt4    -o CMakeFiles/cmTryCompileExec505570597.dir/CheckSymbolExists.cxx.o -c /home/slilylsu/Desktop/project-repo/build/debug/CMakeFiles/CMakeTmp/CheckSymbolExists.cxx
/home/slilylsu/Desktop/project-repo/build/debug/CMakeFiles/CMakeTmp/CheckSymbolExists.cxx: In function ‘int main(int, char**)’:
/home/slilylsu/Desktop/project-repo/build/debug/CMakeFiles/CMakeTmp/CheckSymbolExists.cxx:8:19: error: ‘Q_WS_WIN’ was not declared in this scope
   return ((int*)(&Q_WS_WIN))[argc];
                   ^
make[1]: Leaving directory `/home/slilylsu/Desktop/project-repo/build/debug/CMakeFiles/CMakeTmp'
make[1]: *** [CMakeFiles/cmTryCompileExec505570597.dir/CheckSymbolExists.cxx.o] Error 1
make: *** [cmTryCompileExec505570597/fast] Error 2

File /home/slilylsu/Desktop/project-repo/build/debug/CMakeFiles/CMakeTmp/CheckSymbolExists.cxx:
/* */
#include <QtCore/qglobal.h>

int main(int argc, char** argv)
{
  (void)argv;
#ifndef Q_WS_WIN
  return ((int*)(&Q_WS_WIN))[argc];
#else
  (void)argc;
  return 0;
#endif
}

Determining if the Q_WS_QWS exist failed with the following output:
Change Dir: /home/slilylsu/Desktop/project-repo/build/debug/CMakeFiles/CMakeTmp

Run Build Command:/usr/bin/make "cmTryCompileExec896876649/fast"
/usr/bin/make -f CMakeFiles/cmTryCompileExec896876649.dir/build.make CMakeFiles/cmTryCompileExec896876649.dir/build
make[1]: Entering directory `/home/slilylsu/Desktop/project-repo/build/debug/CMakeFiles/CMakeTmp'
/usr/bin/cmake -E cmake_progress_report /home/slilylsu/Desktop/project-repo/build/debug/CMakeFiles/CMakeTmp/CMakeFiles 1
Building CXX object CMakeFiles/cmTryCompileExec896876649.dir/CheckSymbolExists.cxx.o
/usr/bin/c++    -I/usr/include/qt4    -o CMakeFiles/cmTryCompileExec896876649.dir/CheckSymbolExists.cxx.o -c /home/slilylsu/Desktop/project-repo/build/debug/CMakeFiles/CMakeTmp/CheckSymbolExists.cxx
/home/slilylsu/Desktop/project-repo/build/debug/CMakeFiles/CMakeTmp/CheckSymbolExists.cxx: In function ‘int main(int, char**)’:
/home/slilylsu/Desktop/project-repo/build/debug/CMakeFiles/CMakeTmp/CheckSymbolExists.cxx:8:19: error: ‘Q_WS_QWS’ was not declared in this scope
   return ((int*)(&Q_WS_QWS))[argc];
                   ^
make[1]: *** [CMakeFiles/cmTryCompileExec896876649.dir/CheckSymbolExists.cxx.o] Error 1
make[1]: Leaving directory `/home/slilylsu/Desktop/project-repo/build/debug/CMakeFiles/CMakeTmp'
make: *** [cmTryCompileExec896876649/fast] Error 2

File /home/slilylsu/Desktop/project-repo/build/debug/CMakeFiles/CMakeTmp/CheckSymbolExists.cxx:
/* */
#include <QtCore/qglobal.h>

int main(int argc, char** argv)
{
  (void)argv;
#ifndef Q_WS_QWS
  return ((int*)(&Q_WS_QWS))[argc];
#else
  (void)argc;
  return 0;
#endif
}

Determining if the Q_WS_MAC exist failed with the following output:
Change Dir: /home/slilylsu/Desktop/project-repo/build/debug/CMakeFiles/CMakeTmp

Run Build Command:/usr/bin/make "cmTryCompileExec286627307/fast"
/usr/bin/make -f CMakeFiles/cmTryCompileExec286627307.dir/build.make CMakeFiles/cmTryCompileExec286627307.dir/build
make[1]: Entering directory `/home/slilylsu/Desktop/project-repo/build/debug/CMakeFiles/CMakeTmp'
/usr/bin/cmake -E cmake_progress_report /home/slilylsu/Desktop/project-repo/build/debug/CMakeFiles/CMakeTmp/CMakeFiles 1
Building CXX object CMakeFiles/cmTryCompileExec286627307.dir/CheckSymbolExists.cxx.o
/usr/bin/c++    -I/usr/include/qt4    -o CMakeFiles/cmTryCompileExec286627307.dir/CheckSymbolExists.cxx.o -c /home/slilylsu/Desktop/project-repo/build/debug/CMakeFiles/CMakeTmp/CheckSymbolExists.cxx
/home/slilylsu/Desktop/project-repo/build/debug/CMakeFiles/CMakeTmp/CheckSymbolExists.cxx: In function ‘int main(int, char**)’:
/home/slilylsu/Desktop/project-repo/build/debug/CMakeFiles/CMakeTmp/CheckSymbolExists.cxx:8:19: error: ‘Q_WS_MAC’ was not declared in this scope
   return ((int*)(&Q_WS_MAC))[argc];
                   ^
make[1]: *** [CMakeFiles/cmTryCompileExec286627307.dir/CheckSymbolExists.cxx.o] Error 1
make[1]: Leaving directory `/home/slilylsu/Desktop/project-repo/build/debug/CMakeFiles/CMakeTmp'
make: *** [cmTryCompileExec286627307/fast] Error 2

File /home/slilylsu/Desktop/project-repo/build/debug/CMakeFiles/CMakeTmp/CheckSymbolExists.cxx:
/* */
#include <QtCore/qglobal.h>

int main(int argc, char** argv)
{
  (void)argv;
#ifndef Q_WS_MAC
  return ((int*)(&Q_WS_MAC))[argc];
#else
  (void)argc;
  return 0;
#endif
}

