Determining if the Q_WS_WIN exist failed with the following output:
Change Dir: /home/slilylsu/Desktop/project-repo/build_cuda_removed/release/CMakeFiles/CMakeTmp

Run Build Command:/usr/bin/make "cmTryCompileExec3845017047/fast"
/usr/bin/make -f CMakeFiles/cmTryCompileExec3845017047.dir/build.make CMakeFiles/cmTryCompileExec3845017047.dir/build
make[1]: Entering directory `/home/slilylsu/Desktop/project-repo/build_cuda_removed/release/CMakeFiles/CMakeTmp'
/usr/bin/cmake -E cmake_progress_report /home/slilylsu/Desktop/project-repo/build_cuda_removed/release/CMakeFiles/CMakeTmp/CMakeFiles 1
Building CXX object CMakeFiles/cmTryCompileExec3845017047.dir/CheckSymbolExists.cxx.o
/usr/bin/c++    -I/usr/include/qt4    -o CMakeFiles/cmTryCompileExec3845017047.dir/CheckSymbolExists.cxx.o -c /home/slilylsu/Desktop/project-repo/build_cuda_removed/release/CMakeFiles/CMakeTmp/CheckSymbolExists.cxx
/home/slilylsu/Desktop/project-repo/build_cuda_removed/release/CMakeFiles/CMakeTmp/CheckSymbolExists.cxx: In function ‘int main(int, char**)’:
/home/slilylsu/Desktop/project-repo/build_cuda_removed/release/CMakeFiles/CMakeTmp/CheckSymbolExists.cxx:8:19: error: ‘Q_WS_WIN’ was not declared in this scope
   return ((int*)(&Q_WS_WIN))[argc];
                   ^
make[1]: *** [CMakeFiles/cmTryCompileExec3845017047.dir/CheckSymbolExists.cxx.o] Error 1
make[1]: Leaving directory `/home/slilylsu/Desktop/project-repo/build_cuda_removed/release/CMakeFiles/CMakeTmp'
make: *** [cmTryCompileExec3845017047/fast] Error 2

File /home/slilylsu/Desktop/project-repo/build_cuda_removed/release/CMakeFiles/CMakeTmp/CheckSymbolExists.cxx:
/* */
#include <QtCore/qglobal.h>

int main(int argc, char** argv)
{
  (void)argv;
#ifndef Q_WS_WIN
  return ((int*)(&Q_WS_WIN))[argc];
#else
  (void)argc;
  return 0;
#endif
}

Determining if the Q_WS_QWS exist failed with the following output:
Change Dir: /home/slilylsu/Desktop/project-repo/build_cuda_removed/release/CMakeFiles/CMakeTmp

Run Build Command:/usr/bin/make "cmTryCompileExec2786589116/fast"
/usr/bin/make -f CMakeFiles/cmTryCompileExec2786589116.dir/build.make CMakeFiles/cmTryCompileExec2786589116.dir/build
make[1]: Entering directory `/home/slilylsu/Desktop/project-repo/build_cuda_removed/release/CMakeFiles/CMakeTmp'
/usr/bin/cmake -E cmake_progress_report /home/slilylsu/Desktop/project-repo/build_cuda_removed/release/CMakeFiles/CMakeTmp/CMakeFiles 1
Building CXX object CMakeFiles/cmTryCompileExec2786589116.dir/CheckSymbolExists.cxx.o
/usr/bin/c++    -I/usr/include/qt4    -o CMakeFiles/cmTryCompileExec2786589116.dir/CheckSymbolExists.cxx.o -c /home/slilylsu/Desktop/project-repo/build_cuda_removed/release/CMakeFiles/CMakeTmp/CheckSymbolExists.cxx
/home/slilylsu/Desktop/project-repo/build_cuda_removed/release/CMakeFiles/CMakeTmp/CheckSymbolExists.cxx: In function ‘int main(int, char**)’:
/home/slilylsu/Desktop/project-repo/build_cuda_removed/release/CMakeFiles/CMakeTmp/CheckSymbolExists.cxx:8:19: error: ‘Q_WS_QWS’ was not declared in this scope
   return ((int*)(&Q_WS_QWS))[argc];
                   ^
make[1]: *** [CMakeFiles/cmTryCompileExec2786589116.dir/CheckSymbolExists.cxx.o] Error 1
make[1]: Leaving directory `/home/slilylsu/Desktop/project-repo/build_cuda_removed/release/CMakeFiles/CMakeTmp'
make: *** [cmTryCompileExec2786589116/fast] Error 2

File /home/slilylsu/Desktop/project-repo/build_cuda_removed/release/CMakeFiles/CMakeTmp/CheckSymbolExists.cxx:
/* */
#include <QtCore/qglobal.h>

int main(int argc, char** argv)
{
  (void)argv;
#ifndef Q_WS_QWS
  return ((int*)(&Q_WS_QWS))[argc];
#else
  (void)argc;
  return 0;
#endif
}

Determining if the Q_WS_MAC exist failed with the following output:
Change Dir: /home/slilylsu/Desktop/project-repo/build_cuda_removed/release/CMakeFiles/CMakeTmp

Run Build Command:/usr/bin/make "cmTryCompileExec2064952060/fast"
/usr/bin/make -f CMakeFiles/cmTryCompileExec2064952060.dir/build.make CMakeFiles/cmTryCompileExec2064952060.dir/build
make[1]: Entering directory `/home/slilylsu/Desktop/project-repo/build_cuda_removed/release/CMakeFiles/CMakeTmp'
/usr/bin/cmake -E cmake_progress_report /home/slilylsu/Desktop/project-repo/build_cuda_removed/release/CMakeFiles/CMakeTmp/CMakeFiles 1
Building CXX object CMakeFiles/cmTryCompileExec2064952060.dir/CheckSymbolExists.cxx.o
/usr/bin/c++    -I/usr/include/qt4    -o CMakeFiles/cmTryCompileExec2064952060.dir/CheckSymbolExists.cxx.o -c /home/slilylsu/Desktop/project-repo/build_cuda_removed/release/CMakeFiles/CMakeTmp/CheckSymbolExists.cxx
/home/slilylsu/Desktop/project-repo/build_cuda_removed/release/CMakeFiles/CMakeTmp/CheckSymbolExists.cxx: In function ‘int main(int, char**)’:
/home/slilylsu/Desktop/project-repo/build_cuda_removed/release/CMakeFiles/CMakeTmp/CheckSymbolExists.cxx:8:19: error: ‘Q_WS_MAC’ was not declared in this scope
   return ((int*)(&Q_WS_MAC))[argc];
                   ^
make[1]: *** [CMakeFiles/cmTryCompileExec2064952060.dir/CheckSymbolExists.cxx.o] Error 1
make[1]: Leaving directory `/home/slilylsu/Desktop/project-repo/build_cuda_removed/release/CMakeFiles/CMakeTmp'
make: *** [cmTryCompileExec2064952060/fast] Error 2

File /home/slilylsu/Desktop/project-repo/build_cuda_removed/release/CMakeFiles/CMakeTmp/CheckSymbolExists.cxx:
/* */
#include <QtCore/qglobal.h>

int main(int argc, char** argv)
{
  (void)argv;
#ifndef Q_WS_MAC
  return ((int*)(&Q_WS_MAC))[argc];
#else
  (void)argc;
  return 0;
#endif
}

