Determining if the Q_WS_WIN exist failed with the following output:
Change Dir: /home/slilylsu/Desktop/project-repo/build_control/debug/CMakeFiles/CMakeTmp

Run Build Command:/usr/bin/make "cmTryCompileExec4277373027/fast"
/usr/bin/make -f CMakeFiles/cmTryCompileExec4277373027.dir/build.make CMakeFiles/cmTryCompileExec4277373027.dir/build
make[1]: Entering directory `/home/slilylsu/Desktop/project-repo/build_control/debug/CMakeFiles/CMakeTmp'
/usr/bin/cmake -E cmake_progress_report /home/slilylsu/Desktop/project-repo/build_control/debug/CMakeFiles/CMakeTmp/CMakeFiles 1
Building CXX object CMakeFiles/cmTryCompileExec4277373027.dir/CheckSymbolExists.cxx.o
/usr/bin/c++    -I/usr/include/qt4    -o CMakeFiles/cmTryCompileExec4277373027.dir/CheckSymbolExists.cxx.o -c /home/slilylsu/Desktop/project-repo/build_control/debug/CMakeFiles/CMakeTmp/CheckSymbolExists.cxx
/home/slilylsu/Desktop/project-repo/build_control/debug/CMakeFiles/CMakeTmp/CheckSymbolExists.cxx: In function ‘int main(int, char**)’:
/home/slilylsu/Desktop/project-repo/build_control/debug/CMakeFiles/CMakeTmp/CheckSymbolExists.cxx:8:19: error: ‘Q_WS_WIN’ was not declared in this scope
   return ((int*)(&Q_WS_WIN))[argc];
                   ^
make[1]: *** [CMakeFiles/cmTryCompileExec4277373027.dir/CheckSymbolExists.cxx.o] Error 1
make[1]: Leaving directory `/home/slilylsu/Desktop/project-repo/build_control/debug/CMakeFiles/CMakeTmp'
make: *** [cmTryCompileExec4277373027/fast] Error 2

File /home/slilylsu/Desktop/project-repo/build_control/debug/CMakeFiles/CMakeTmp/CheckSymbolExists.cxx:
/* */
#include <QtCore/qglobal.h>

int main(int argc, char** argv)
{
  (void)argv;
#ifndef Q_WS_WIN
  return ((int*)(&Q_WS_WIN))[argc];
#else
  (void)argc;
  return 0;
#endif
}

Determining if the Q_WS_QWS exist failed with the following output:
Change Dir: /home/slilylsu/Desktop/project-repo/build_control/debug/CMakeFiles/CMakeTmp

Run Build Command:/usr/bin/make "cmTryCompileExec4025600917/fast"
/usr/bin/make -f CMakeFiles/cmTryCompileExec4025600917.dir/build.make CMakeFiles/cmTryCompileExec4025600917.dir/build
make[1]: Entering directory `/home/slilylsu/Desktop/project-repo/build_control/debug/CMakeFiles/CMakeTmp'
/usr/bin/cmake -E cmake_progress_report /home/slilylsu/Desktop/project-repo/build_control/debug/CMakeFiles/CMakeTmp/CMakeFiles 1
Building CXX object CMakeFiles/cmTryCompileExec4025600917.dir/CheckSymbolExists.cxx.o
/usr/bin/c++    -I/usr/include/qt4    -o CMakeFiles/cmTryCompileExec4025600917.dir/CheckSymbolExists.cxx.o -c /home/slilylsu/Desktop/project-repo/build_control/debug/CMakeFiles/CMakeTmp/CheckSymbolExists.cxx
/home/slilylsu/Desktop/project-repo/build_control/debug/CMakeFiles/CMakeTmp/CheckSymbolExists.cxx: In function ‘int main(int, char**)’:
/home/slilylsu/Desktop/project-repo/build_control/debug/CMakeFiles/CMakeTmp/CheckSymbolExists.cxx:8:19: error: ‘Q_WS_QWS’ was not declared in this scope
   return ((int*)(&Q_WS_QWS))[argc];
                   ^
make[1]: *** [CMakeFiles/cmTryCompileExec4025600917.dir/CheckSymbolExists.cxx.o] Error 1
make[1]: Leaving directory `/home/slilylsu/Desktop/project-repo/build_control/debug/CMakeFiles/CMakeTmp'
make: *** [cmTryCompileExec4025600917/fast] Error 2

File /home/slilylsu/Desktop/project-repo/build_control/debug/CMakeFiles/CMakeTmp/CheckSymbolExists.cxx:
/* */
#include <QtCore/qglobal.h>

int main(int argc, char** argv)
{
  (void)argv;
#ifndef Q_WS_QWS
  return ((int*)(&Q_WS_QWS))[argc];
#else
  (void)argc;
  return 0;
#endif
}

Determining if the Q_WS_MAC exist failed with the following output:
Change Dir: /home/slilylsu/Desktop/project-repo/build_control/debug/CMakeFiles/CMakeTmp

Run Build Command:/usr/bin/make "cmTryCompileExec184873655/fast"
/usr/bin/make -f CMakeFiles/cmTryCompileExec184873655.dir/build.make CMakeFiles/cmTryCompileExec184873655.dir/build
make[1]: Entering directory `/home/slilylsu/Desktop/project-repo/build_control/debug/CMakeFiles/CMakeTmp'
/usr/bin/cmake -E cmake_progress_report /home/slilylsu/Desktop/project-repo/build_control/debug/CMakeFiles/CMakeTmp/CMakeFiles 1
Building CXX object CMakeFiles/cmTryCompileExec184873655.dir/CheckSymbolExists.cxx.o
/usr/bin/c++    -I/usr/include/qt4    -o CMakeFiles/cmTryCompileExec184873655.dir/CheckSymbolExists.cxx.o -c /home/slilylsu/Desktop/project-repo/build_control/debug/CMakeFiles/CMakeTmp/CheckSymbolExists.cxx
/home/slilylsu/Desktop/project-repo/build_control/debug/CMakeFiles/CMakeTmp/CheckSymbolExists.cxx: In function ‘int main(int, char**)’:
/home/slilylsu/Desktop/project-repo/build_control/debug/CMakeFiles/CMakeTmp/CheckSymbolExists.cxx:8:19: error: ‘Q_WS_MAC’ was not declared in this scope
   return ((int*)(&Q_WS_MAC))[argc];
                   ^
make[1]: *** [CMakeFiles/cmTryCompileExec184873655.dir/CheckSymbolExists.cxx.o] Error 1
make[1]: Leaving directory `/home/slilylsu/Desktop/project-repo/build_control/debug/CMakeFiles/CMakeTmp'
make: *** [cmTryCompileExec184873655/fast] Error 2

File /home/slilylsu/Desktop/project-repo/build_control/debug/CMakeFiles/CMakeTmp/CheckSymbolExists.cxx:
/* */
#include <QtCore/qglobal.h>

int main(int argc, char** argv)
{
  (void)argv;
#ifndef Q_WS_MAC
  return ((int*)(&Q_WS_MAC))[argc];
#else
  (void)argc;
  return 0;
#endif
}

